<?xml version="1.0" encoding="UTF-8"?>
<testsuite name="edu.coursera.parallel.MatrixMultiplyTest" time="34.562" tests="2" errors="0" skipped="0" failures="2">
  <properties>
    <property name="idea.version" value="2024.1.1"/>
    <property name="java.runtime.name" value="Java(TM) SE Runtime Environment"/>
    <property name="java.vm.version" value="21.0.2+13-LTS-58"/>
    <property name="sun.boot.library.path" value="/home/friasluna/.sdkman/candidates/java/21.0.2-oracle/lib"/>
    <property name="awt.useSystemAAFontSettings" value="on"/>
    <property name="maven.multiModuleProjectDirectory" value="/home/friasluna/Desktop/Prog.ParalelaConcurrente/Coursera Course/miniproject_3"/>
    <property name="java.vm.vendor" value="Oracle Corporation"/>
    <property name="java.vendor.url" value="https://java.oracle.com/"/>
    <property name="guice.disable.misplaced.annotation.check" value="true"/>
    <property name="path.separator" value=":"/>
    <property name="java.vm.name" value="Java HotSpot(TM) 64-Bit Server VM"/>
    <property name="sun.java.launcher" value="SUN_STANDARD"/>
    <property name="java.vm.specification.name" value="Java Virtual Machine Specification"/>
    <property name="user.dir" value="/home/friasluna/Desktop/Prog.ParalelaConcurrente/Coursera Course/miniproject_3"/>
    <property name="java.vm.compressedOopsMode" value="Zero based"/>
    <property name="java.runtime.version" value="21.0.2+13-LTS-58"/>
    <property name="os.arch" value="amd64"/>
    <property name="java.io.tmpdir" value="/tmp"/>
    <property name="line.separator" value="&#10;"/>
    <property name="java.vm.specification.vendor" value="Oracle Corporation"/>
    <property name="stderr.encoding" value="UTF-8"/>
    <property name="os.name" value="Linux"/>
    <property name="maven.ext.class.path" value="/home/friasluna/.local/share/JetBrains/Toolbox/apps/intellij-idea-ultimate/plugins/maven/lib/maven-event-listener.jar"/>
    <property name="classworlds.conf" value="/home/friasluna/.local/share/JetBrains/Toolbox/apps/intellij-idea-ultimate/plugins/maven/lib/maven3/bin/m2.conf"/>
    <property name="sun.jnu.encoding" value="UTF-8"/>
    <property name="stdout.encoding" value="UTF-8"/>
    <property name="java.library.path" value="/usr/java/packages/lib:/usr/lib64:/lib64:/lib:/usr/lib"/>
    <property name="jansi.passthrough" value="true"/>
    <property name="maven.conf" value="/home/friasluna/.local/share/JetBrains/Toolbox/apps/intellij-idea-ultimate/plugins/maven/lib/maven3/conf"/>
    <property name="jdk.debug" value="release"/>
    <property name="java.class.version" value="65.0"/>
    <property name="java.specification.name" value="Java Platform API Specification"/>
    <property name="sun.management.compiler" value="HotSpot 64-Bit Tiered Compilers"/>
    <property name="os.version" value="6.6.15-amd64"/>
    <property name="user.home" value="/home/friasluna"/>
    <property name="user.timezone" value="America/Santo_Domingo"/>
    <property name="file.encoding" value="UTF-8"/>
    <property name="java.specification.version" value="21"/>
    <property name="user.name" value="friasluna"/>
    <property name="java.class.path" value="/home/friasluna/.local/share/JetBrains/Toolbox/apps/intellij-idea-ultimate/plugins/maven/lib/maven3/boot/plexus-classworlds.license:/home/friasluna/.local/share/JetBrains/Toolbox/apps/intellij-idea-ultimate/plugins/maven/lib/maven3/boot/plexus-classworlds-2.7.0.jar"/>
    <property name="java.vm.specification.version" value="21"/>
    <property name="sun.arch.data.model" value="64"/>
    <property name="sun.java.command" value="org.codehaus.classworlds.Launcher -Didea.version=2024.1.1 test"/>
    <property name="java.home" value="/home/friasluna/.sdkman/candidates/java/21.0.2-oracle"/>
    <property name="user.language" value="en"/>
    <property name="java.specification.vendor" value="Oracle Corporation"/>
    <property name="java.vm.info" value="mixed mode, sharing"/>
    <property name="java.version" value="21.0.2"/>
    <property name="native.encoding" value="UTF-8"/>
    <property name="java.vendor" value="Oracle Corporation"/>
    <property name="sun.stderr.encoding" value="UTF-8"/>
    <property name="maven.home" value="/home/friasluna/.local/share/JetBrains/Toolbox/apps/intellij-idea-ultimate/plugins/maven/lib/maven3"/>
    <property name="swing.aatext" value="true"/>
    <property name="file.separator" value="/"/>
    <property name="java.version.date" value="2024-01-16"/>
    <property name="java.vendor.url.bug" value="https://bugreport.java.com/bugreport/"/>
    <property name="sun.io.unicode.encoding" value="UnicodeLittle"/>
    <property name="sun.cpu.endian" value="little"/>
    <property name="sun.stdout.encoding" value="UTF-8"/>
  </properties>
  <testcase name="testPar512_x_512" classname="edu.coursera.parallel.MatrixMultiplyTest" time="7.359">
    <failure message="It was expected that the parallel implementation would run at least 4.800000x faster, but it only achieved 2.909091x speedup" type="junit.framework.AssertionFailedError">junit.framework.AssertionFailedError: It was expected that the parallel implementation would run at least 4.800000x faster, but it only achieved 2.909091x speedup
	at junit.framework.Assert.fail(Assert.java:47)
	at junit.framework.Assert.assertTrue(Assert.java:20)
	at edu.coursera.parallel.MatrixMultiplyTest.testPar512_x_512(MatrixMultiplyTest.java:118)
</failure>
  </testcase>
  <testcase name="testPar768_x_768" classname="edu.coursera.parallel.MatrixMultiplyTest" time="27.203">
    <failure message="It was expected that the parallel implementation would run at least 4.800000x faster, but it only achieved 3.325581x speedup" type="junit.framework.AssertionFailedError">junit.framework.AssertionFailedError: It was expected that the parallel implementation would run at least 4.800000x faster, but it only achieved 3.325581x speedup
	at junit.framework.Assert.fail(Assert.java:47)
	at junit.framework.Assert.assertTrue(Assert.java:20)
	at edu.coursera.parallel.MatrixMultiplyTest.testPar768_x_768(MatrixMultiplyTest.java:130)
</failure>
  </testcase>
</testsuite>